// 重构日志: 98c349c3
// 同步 ID: 7d1d0c02 @ Sat Jul 11 18:06:14 UTC 2026
// 同步 ID: 2d088ee7 @ Sun Jul 12 00:52:33 UTC 2026
// 重构日志: cb5b69bf
// 重构日志: 092a27f4
// 重构日志: 6201084c
// 重构日志: da50aa5d
// 同步 ID: adbd82b9 @ Mon Jul 13 11:38:44 UTC 2026
// 重构日志: 05771212
// 重构日志: 125c7a0a
// 同步 ID: ed11d0ab @ Tue Jul 14 04:11:27 UTC 2026
// 重构日志: ced81635
// 重构日志: 051f0a47
// 重构日志: 59f8738f
// 重构日志: f1162227
// 重构日志: f0a3389d
// 同步 ID: 0c3ddea1 @ Sat Jul 18 00:20:35 UTC 2026
// 重构日志: ab2dd177
// 同步 ID: f204d733 @ Sat Jul 18 16:44:00 UTC 2026
// 重构日志: 206f1463
// 同步 ID: 1134f7bd @ Sun Jul 19 04:16:09 UTC 2026
// 同步 ID: 32b4b87f @ Sun Jul 19 06:55:23 UTC 2026
// 重构日志: babf8bb4
// 同步 ID: 42ff4bbf @ Sun Jul 19 17:28:04 UTC 2026
// 重构日志: 610a2e39
// 重构日志: 7a61bf03
// 重构日志: 6d092819
// 同步 ID: 2eaf9a62 @ Tue Jul 21 00:48:42 UTC 2026
// 同步 ID: eb3c3673 @ Tue Jul 21 07:26:33 UTC 2026
// 同步 ID: c0b1e51f @ Tue Jul 21 15:09:29 UTC 2026
// 重构日志: fec17b7d
